#
# There is insufficient memory for the Java Runtime Environment to continue.
# Native memory allocation (mmap) failed to map 132120576 bytes. Error detail: G1 virtual space
# Possible reasons:
#   The system is out of physical RAM or swap space
#   This process is running with CompressedOops enabled, and the Java Heap may be blocking the growth of the native heap
# Possible solutions:
#   Reduce memory load on the system
#   Increase physical memory or swap space
#   Check if swap backing store is full
#   Decrease Java heap size (-Xmx/-Xms)
#   Decrease number of Java threads
#   Decrease Java thread stack sizes (-Xss)
#   Set larger code cache with -XX:ReservedCodeCacheSize=
#   JVM is running with Unscaled Compressed Oops mode in which the Java heap is
#     placed in the first 4GB address space. The Java Heap base address is the
#     maximum limit for the native heap growth. Please use -XX:HeapBaseMinAddress
#     to set the Java Heap base and to place the Java Heap above 4GB virtual address.
# This output file may be truncated or incomplete.
#
#  Out of Memory Error (os_windows.cpp:3825), pid=12064, tid=8440
#
# JRE version:  (17.0.11) (build )
# Java VM: OpenJDK 64-Bit Server VM (17.0.11+0--11852314, mixed mode, sharing, tiered, compressed oops, compressed class ptrs, g1 gc, windows-amd64)
# No core dump will be written. Minidumps are not enabled by default on client versions of Windows
#

---------------  S U M M A R Y ------------

Command Line: git4idea.http.GitAskPassApp Username for 'https://github.com': 

Host: Intel(R) Core(TM) i5-10500H CPU @ 2.50GHz, 12 cores, 7G,  Windows 10 , 64 bit Build 19041 (10.0.19041.5072)
Time: Thu Oct 24 11:55:30 2024 Egypt Daylight Time elapsed time: 0.007162 seconds (0d 0h 0m 0s)

---------------  T H R E A D  ---------------

Current thread (0x00000144f598ef00):  JavaThread "Unknown thread" [_thread_in_vm, id=8440, stack(0x00000012bab00000,0x00000012bac00000)]

Stack: [0x00000012bab00000,0x00000012bac00000]
Native frames: (J=compiled Java code, j=interpreted, Vv=VM code, C=native code)
V  [jvm.dll+0x687bb9]
V  [jvm.dll+0x84142a]
V  [jvm.dll+0x8430ae]
V  [jvm.dll+0x843713]
V  [jvm.dll+0x24a35f]
V  [jvm.dll+0x684989]
V  [jvm.dll+0x67923a]
V  [jvm.dll+0x30af0b]
V  [jvm.dll+0x3123b6]
V  [jvm.dll+0x361dfe]
V  [jvm.dll+0x36202f]
V  [jvm.dll+0x2e0d38]
V  [jvm.dll+0x2e1ca4]
V  [jvm.dll+0x811f21]
V  [jvm.dll+0x36fb68]
V  [jvm.dll+0x7f0896]
V  [jvm.dll+0x3f3d2f]
V  [jvm.dll+0x3f58e1]
C  [jli.dll+0x528f]
C  [ucrtbase.dll+0x21bb2]
C  [KERNEL32.DLL+0x17374]
C  [ntdll.dll+0x4cc91]


---------------  P R O C E S S  ---------------

Threads class SMR info:
_java_thread_list=0x00007ffc0255efd8, length=0, elements={
}

Java Threads: ( => current thread )

Other Threads:
  0x00000144f59e9c70 GCTaskThread "GC Thread#0" [stack: 0x00000012bac00000,0x00000012bad00000] [id=10012]
  0x00000144f59fa4c0 ConcurrentGCThread "G1 Main Marker" [stack: 0x00000012bad00000,0x00000012bae00000] [id=3140]
  0x00000144f59faee0 ConcurrentGCThread "G1 Conc#0" [stack: 0x00000012bae00000,0x00000012baf00000] [id=7044]

[error occurred during error reporting (printing all threads), id 0xc0000005, EXCEPTION_ACCESS_VIOLATION (0xc0000005) at pc=0x00007ffc01d11907]

VM state: not at safepoint (not fully initialized)

VM Mutex/Monitor currently owned by a thread:  ([mutex/lock_event])
[0x00000144f5989dd0] Heap_lock - owner thread: 0x00000144f598ef00

Heap address: 0x0000000083800000, size: 1992 MB, Compressed Oops mode: 32-bit

CDS archive(s) mapped at: [0x0000000000000000-0x0000000000000000-0x0000000000000000), size 0, SharedBaseAddress: 0x0000000800000000, ArchiveRelocationMode: 1.
Narrow klass base: 0x0000000000000000, Narrow klass shift: 0, Narrow klass range: 0x0

GC Precious Log:
<Empty>

Heap:
 garbage-first heap   total 0K, used 0K [0x0000000083800000, 0x0000000100000000)
  region size 1024K, 0 young (0K), 0 survivors (0K)
 Metaspace       used 0K, committed 0K, reserved 0K
  class space    used 0K, committed 0K, reserved 0K

Heap Regions: E=young(eden), S=young(survivor), O=old, HS=humongous(starts), HC=humongous(continues), CS=collection set, F=free, OA=open archive, CA=closed archive, TAMS=top-at-mark-start (previous, next)

Card table byte_map: [0x00000144f97c0000,0x00000144f9bb0000] _byte_map_base: 0x00000144f93a4000

Marking Bits (Prev, Next): (CMBitMap*) 0x00000144f59ea290, (CMBitMap*) 0x00000144f59ea2d0
 Prev Bits: [0x00000144f9fa0000, 0x00000144fbec0000)
 Next Bits: [0x00000144fbec0000, 0x00000144fdde0000)

GC Heap History (0 events):
No events

Dll operation events (1 events):
Event: 0.004 Loaded shared library E:\app\Android Studio\jbr\bin\java.dll

Deoptimization events (0 events):
No events

Classes unloaded (0 events):
No events

Classes redefined (0 events):
No events

Internal exceptions (0 events):
No events

VM Operations (0 events):
No events

Events (0 events):
No events


Dynamic libraries:
0x00007ff6dce30000 - 0x00007ff6dce3a000 	E:\app\Android Studio\jbr\bin\java.exe
0x00007ffc6f2b0000 - 0x00007ffc6f4a8000 	C:\Windows\SYSTEM32\ntdll.dll
0x00007ffc6d410000 - 0x00007ffc6d4d2000 	C:\Windows\System32\KERNEL32.DLL
0x00007ffc6cf40000 - 0x00007ffc6d23e000 	C:\Windows\System32\KERNELBASE.dll
0x00007ffc6cc30000 - 0x00007ffc6cd30000 	C:\Windows\System32\ucrtbase.dll
0x00007ffc49a00000 - 0x00007ffc49a17000 	E:\app\Android Studio\jbr\bin\jli.dll
0x00007ffc499e0000 - 0x00007ffc499fb000 	E:\app\Android Studio\jbr\bin\VCRUNTIME140.dll
0x00007ffc6e200000 - 0x00007ffc6e39d000 	C:\Windows\System32\USER32.dll
0x00007ffc6cc00000 - 0x00007ffc6cc22000 	C:\Windows\System32\win32u.dll
0x00007ffc54f50000 - 0x00007ffc551ea000 	C:\Windows\WinSxS\amd64_microsoft.windows.common-controls_6595b64144ccf1df_6.0.19041.4355_none_60b8b9eb71f62e16\COMCTL32.dll
0x00007ffc6d4e0000 - 0x00007ffc6d50b000 	C:\Windows\System32\GDI32.dll
0x00007ffc6d2d0000 - 0x00007ffc6d36e000 	C:\Windows\System32\msvcrt.dll
0x00007ffc6cd30000 - 0x00007ffc6ce47000 	C:\Windows\System32\gdi32full.dll
0x00007ffc6cb60000 - 0x00007ffc6cbfd000 	C:\Windows\System32\msvcp_win.dll
0x00007ffc6e3a0000 - 0x00007ffc6e3cf000 	C:\Windows\System32\IMM32.DLL
0x00007ffc68ce0000 - 0x00007ffc68cec000 	E:\app\Android Studio\jbr\bin\vcruntime140_1.dll
0x00007ffc48720000 - 0x00007ffc487ad000 	E:\app\Android Studio\jbr\bin\msvcp140.dll
0x00007ffc01a20000 - 0x00007ffc026a3000 	E:\app\Android Studio\jbr\bin\server\jvm.dll
0x00007ffc6e130000 - 0x00007ffc6e1e1000 	C:\Windows\System32\ADVAPI32.dll
0x00007ffc6d370000 - 0x00007ffc6d40f000 	C:\Windows\System32\sechost.dll
0x00007ffc6e000000 - 0x00007ffc6e123000 	C:\Windows\System32\RPCRT4.dll
0x00007ffc6cf10000 - 0x00007ffc6cf37000 	C:\Windows\System32\bcrypt.dll
0x00007ffc6bee0000 - 0x00007ffc6bf2b000 	C:\Windows\SYSTEM32\POWRPROF.dll
0x00007ffc69830000 - 0x00007ffc69839000 	C:\Windows\SYSTEM32\WSOCK32.dll
0x00007ffc63350000 - 0x00007ffc63377000 	C:\Windows\SYSTEM32\WINMM.dll
0x00007ffc6d9a0000 - 0x00007ffc6da0b000 	C:\Windows\System32\WS2_32.dll
0x00007ffc67ae0000 - 0x00007ffc67aea000 	C:\Windows\SYSTEM32\VERSION.dll
0x00007ffc6bd50000 - 0x00007ffc6bd62000 	C:\Windows\SYSTEM32\UMPDC.dll
0x00007ffc6b170000 - 0x00007ffc6b182000 	C:\Windows\SYSTEM32\kernel.appcore.dll
0x00007ffc69820000 - 0x00007ffc6982a000 	E:\app\Android Studio\jbr\bin\jimage.dll
0x00007ffc6a510000 - 0x00007ffc6a6f4000 	C:\Windows\SYSTEM32\DBGHELP.DLL
0x00007ffc637e0000 - 0x00007ffc63814000 	C:\Windows\SYSTEM32\dbgcore.DLL
0x00007ffc6d240000 - 0x00007ffc6d2c2000 	C:\Windows\System32\bcryptPrimitives.dll
0x00007ffc55330000 - 0x00007ffc55355000 	E:\app\Android Studio\jbr\bin\java.dll

dbghelp: loaded successfully - version: 4.0.5 - missing functions: none
symbol engine: initialized successfully - sym options: 0x614 - pdb path: .;E:\app\Android Studio\jbr\bin;C:\Windows\SYSTEM32;C:\Windows\WinSxS\amd64_microsoft.windows.common-controls_6595b64144ccf1df_6.0.19041.4355_none_60b8b9eb71f62e16;E:\app\Android Studio\jbr\bin\server

VM Arguments:
java_command: git4idea.http.GitAskPassApp Username for 'https://github.com': 
java_class_path (initial): E:/app/Android Studio/plugins/vcs-git/lib/git4idea-rt.jar;E:/app/Android Studio/lib/externalProcess-rt.jar
Launcher Type: SUN_STANDARD

[Global flags]
     intx CICompilerCount                          = 4                                         {product} {ergonomic}
     uint ConcGCThreads                            = 3                                         {product} {ergonomic}
     uint G1ConcRefinementThreads                  = 10                                        {product} {ergonomic}
   size_t G1HeapRegionSize                         = 1048576                                   {product} {ergonomic}
    uintx GCDrainStackTargetSize                   = 64                                        {product} {ergonomic}
   size_t InitialHeapSize                          = 132120576                                 {product} {ergonomic}
   size_t MarkStackSize                            = 4194304                                   {product} {ergonomic}
   size_t MaxHeapSize                              = 2088763392                                {product} {ergonomic}
   size_t MinHeapDeltaBytes                        = 1048576                                   {product} {ergonomic}
   size_t MinHeapSize                              = 8388608                                   {product} {ergonomic}
    uintx NonNMethodCodeHeapSize                   = 5839372                                {pd product} {ergonomic}
    uintx NonProfiledCodeHeapSize                  = 122909434                              {pd product} {ergonomic}
    uintx ProfiledCodeHeapSize                     = 122909434                              {pd product} {ergonomic}
    uintx ReservedCodeCacheSize                    = 251658240                              {pd product} {ergonomic}
     bool SegmentedCodeCache                       = true                                      {product} {ergonomic}
   size_t SoftMaxHeapSize                          = 2088763392                             {manageable} {ergonomic}
     bool UseCompressedClassPointers               = true                           {product lp64_product} {ergonomic}
     bool UseCompressedOops                        = true                           {product lp64_product} {ergonomic}
     bool UseG1GC                                  = true                                      {product} {ergonomic}
     bool UseLargePagesIndividualAllocation        = false                                  {pd product} {ergonomic}

Logging:
Log output configuration:
 #0: stdout all=warning uptime,level,tags
 #1: stderr all=off uptime,level,tags

Environment Variables:
JAVA_HOME=C:\Program Files\Java\jdk-22
PATH=C:\Program Files\Git\mingw64\libexec\git-core;C:\Program Files\Git\mingw64\libexec\git-core;C:\Program Files\Git\mingw64\bin;C:\Program Files\Git\usr\bin;C:\Users\Youssef\bin;C:\Program Files (x86)\VMware\VMware Player\bin;C:\Program Files\Common Files\Oracle\Java\javapath;C:\Windows\system32;C:\Windows;C:\Windows\System32\Wbem;C:\Windows\System32\WindowsPowerShell\v1.0;C:\Windows\System32\OpenSSH;C:\Program Files\Git\cmd;C:\Program Files\Java\jdk-22\bin;C:\Program Files\flutter\bin;C:\Users\Youssef\AppData\Local\Microsoft\WindowsApps;E:\Programs\Microsoft VS Code\bin;C:\Program Files\dart-sdk\bin;C:\Program Files\flutter\bin
USERNAME=Youssef
DISPLAY=:0.0
LC_ALL=en_US.UTF-8
TERM=xterm-256color
TMPDIR=C:\Users\Youssef\AppData\Local\Temp
OS=Windows_NT
PROCESSOR_IDENTIFIER=Intel64 Family 6 Model 165 Stepping 2, GenuineIntel
TMP=C:\Users\Youssef\AppData\Local\Temp
TEMP=C:\Users\Youssef\AppData\Local\Temp



Periodic native trim disabled

JNI global refs:
JNI global refs: 0, weak refs: 0

JNI global refs memory usage: 0, weak refs: 0

Process memory usage:
Resident Set Size: 10840K (0% of 8158984K total physical memory with 1756004K free physical memory)

OOME stack traces (most recent first):
Classloader memory used:


---------------  S Y S T E M  ---------------

OS:
 Windows 10 , 64 bit Build 19041 (10.0.19041.5072)
OS uptime: 0 days 1:37 hours

CPU: total 12 (initial active 12) (6 cores per cpu, 2 threads per core) family 6 model 165 stepping 2 microcode 0xfc, cx8, cmov, fxsr, ht, mmx, 3dnowpref, sse, sse2, sse3, ssse3, sse4.1, sse4.2, popcnt, lzcnt, tsc, tscinvbit, avx, avx2, aes, erms, clmul, bmi1, bmi2, adx, fma, vzeroupper, clflush, clflushopt
Processor Information for all 12 processors :
  Max Mhz: 2496, Current Mhz: 2496, Mhz Limit: 2496

Memory: 4k page, system-wide physical 7967M (1714M free)
TotalPageFile size 11387M (AvailPageFile size 10M)
current process WorkingSet (physical memory assigned to process): 10M, peak: 10M
current process commit charge ("private bytes"): 64M, peak: 190M

vm_info: OpenJDK 64-Bit Server VM (17.0.11+0--11852314) for windows-amd64 JRE (17.0.11+0--11852314), built on May 16 2024 21:29:20 by "androidbuild" with MS VC++ 16.10 / 16.11 (VS2019)

END.
